#
# There is insufficient memory for the Java Runtime Environment to continue.
# Native memory allocation (mmap) failed to map 67108864 bytes for Failed to commit area from 0x00000000fc000000 to 0x0000000100000000 of length 67108864.
# Possible reasons:
#   The system is out of physical RAM or swap space
#   The process is running with CompressedOops enabled, and the Java Heap may be blocking the growth of the native heap
# Possible solutions:
#   Reduce memory load on the system
#   Increase physical memory or swap space
#   Check if swap backing store is full
#   Decrease Java heap size (-Xmx/-Xms)
#   Decrease number of Java threads
#   Decrease Java thread stack sizes (-Xss)
#   Set larger code cache with -XX:ReservedCodeCacheSize=
# This output file may be truncated or incomplete.
#
#  Out of Memory Error (./open/src/hotspot/os/windows/os_windows.cpp:3275), pid=16772, tid=16356
#
# JRE version:  (11.0.8+10) (build )
# Java VM: Java HotSpot(TM) 64-Bit Server VM (11.0.8+10-LTS, mixed mode, sharing, tiered, compressed oops, g1 gc, windows-amd64)
# No core dump will be written. Minidumps are not enabled by default on client versions of Windows
#

---------------  S U M M A R Y ------------

Command Line: -Xmx64m -Xms64m -Dorg.gradle.appname=gradlew org.gradle.wrapper.GradleWrapperMain clean package

Host: Intel(R) Core(TM) i5-8250U CPU @ 1.60GHz, 8 cores, 7G,  Windows 10 , 64 bit Build 19041 (10.0.19041.1023)
Time: Fri Jul  9 20:30:24 2021 India Standard Time elapsed time: 0 seconds (0d 0h 0m 0s)

---------------  T H R E A D  ---------------

Current thread (0x00000182c79f8000):  JavaThread "Unknown thread" [_thread_in_vm, id=16356, stack(0x000000539d700000,0x000000539d800000)]

Stack: [0x000000539d700000,0x000000539d800000]
Native frames: (J=compiled Java code, j=interpreted, Vv=VM code, C=native code)
V  [jvm.dll+0x601aea]
V  [jvm.dll+0x737fef]
V  [jvm.dll+0x739675]
V  [jvm.dll+0x739cf3]
V  [jvm.dll+0x242848]
V  [jvm.dll+0x5fef8a]
V  [jvm.dll+0x5f3eb5]
V  [jvm.dll+0x2f651c]
V  [jvm.dll+0x2f63a2]
V  [jvm.dll+0x2fb056]
V  [jvm.dll+0x33ce9f]
V  [jvm.dll+0x33c8d0]
V  [jvm.dll+0x2d4768]
V  [jvm.dll+0x2d58c6]
V  [jvm.dll+0x713e67]
V  [jvm.dll+0x71570f]
V  [jvm.dll+0x349c19]
V  [jvm.dll+0x6f97f0]
V  [jvm.dll+0x3b2a5f]
V  [jvm.dll+0x3b4e81]
C  [jli.dll+0x5213]
C  [ucrtbase.dll+0x21bb2]
C  [KERNEL32.DLL+0x17034]
C  [ntdll.dll+0x52651]


---------------  P R O C E S S  ---------------

Threads class SMR info:
_java_thread_list=0x00000182c6063ea0, length=0, elements={
}

Java Threads: ( => current thread )

Other Threads:
  0x00000182c7a0c800 GCTaskThread "GC Thread#0" [stack: 0x000000539d800000,0x000000539d900000] [id=10308]
  0x00000182c7a15800 ConcurrentGCThread "G1 Main Marker" [stack: 0x000000539d900000,0x000000539da00000] [id=9244]
  0x00000182c7a18800 ConcurrentGCThread "G1 Conc#0" [stack: 0x000000539da00000,0x000000539db00000] [id=16656]

[error occurred during error reporting (printing all threads), id 0xc0000005, EXCEPTION_ACCESS_VIOLATION (0xc0000005) at pc=0x00007fffde8c2f67]

VM state:not at safepoint (not fully initialized)

VM Mutex/Monitor currently owned by a thread:  ([mutex/lock_event])
[0x00000182c79f3000] Heap_lock - owner thread: 0x00000182c79f8000

Heap address: 0x00000000fc000000, size: 64 MB, Compressed Oops mode: Non-zero based: 0x00000000fc000000
Narrow klass base: 0x0000000000000000, Narrow klass shift: 0

GC Heap History (0 events):
No events

Deoptimization events (0 events):
No events

Classes redefined (0 events):
No events

Internal exceptions (0 events):
No events

Events (0 events):
No events


Dynamic libraries:
0x00007ff769a30000 - 0x00007ff769a3f000 	C:\Program Files\Java\jdk-11.0.8\bin\java.exe
0x00007ff822f50000 - 0x00007ff823145000 	C:\WINDOWS\SYSTEM32\ntdll.dll
0x00007ff8220d0000 - 0x00007ff82218d000 	C:\WINDOWS\System32\KERNEL32.DLL
0x00007ff820710000 - 0x00007ff8209d8000 	C:\WINDOWS\System32\KERNELBASE.dll
0x00007ff820b70000 - 0x00007ff820c70000 	C:\WINDOWS\System32\ucrtbase.dll
0x00007ff8192c0000 - 0x00007ff8192d5000 	C:\Program Files\Java\jdk-11.0.8\bin\VCRUNTIME140.dll
0x00007ff819270000 - 0x00007ff819288000 	C:\Program Files\Java\jdk-11.0.8\bin\jli.dll
0x00007ff821e00000 - 0x00007ff821eac000 	C:\WINDOWS\System32\ADVAPI32.dll
0x00007ff821f70000 - 0x00007ff82200e000 	C:\WINDOWS\System32\msvcrt.dll
0x00007ff821d60000 - 0x00007ff821dfb000 	C:\WINDOWS\System32\sechost.dll
0x00007ff8214d0000 - 0x00007ff8215fb000 	C:\WINDOWS\System32\RPCRT4.dll
0x00007ff820ff0000 - 0x00007ff821190000 	C:\WINDOWS\System32\USER32.dll
0x00007ff820690000 - 0x00007ff8206b2000 	C:\WINDOWS\System32\win32u.dll
0x00007ff80e5d0000 - 0x00007ff80e86a000 	C:\WINDOWS\WinSxS\amd64_microsoft.windows.common-controls_6595b64144ccf1df_6.0.19041.1052_none_60b8f8fd71f5e8cb\COMCTL32.dll
0x00007ff820fc0000 - 0x00007ff820fea000 	C:\WINDOWS\System32\GDI32.dll
0x00007ff820e20000 - 0x00007ff820f2b000 	C:\WINDOWS\System32\gdi32full.dll
0x00007ff820c70000 - 0x00007ff820d0d000 	C:\WINDOWS\System32\msvcp_win.dll
0x00007ff819ec0000 - 0x00007ff819eca000 	C:\WINDOWS\SYSTEM32\VERSION.dll
0x00007ff8224f0000 - 0x00007ff822520000 	C:\WINDOWS\System32\IMM32.DLL
0x00007ffff22d0000 - 0x00007ffff236b000 	C:\Program Files\Java\jdk-11.0.8\bin\msvcp140.dll
0x00007fffde5e0000 - 0x00007fffdf0c6000 	C:\Program Files\Java\jdk-11.0.8\bin\server\jvm.dll
0x00007ff8220c0000 - 0x00007ff8220c8000 	C:\WINDOWS\System32\PSAPI.DLL
0x00007ff80dad0000 - 0x00007ff80dad9000 	C:\WINDOWS\SYSTEM32\WSOCK32.dll
0x00007ff810350000 - 0x00007ff810377000 	C:\WINDOWS\SYSTEM32\WINMM.dll
0x00007ff822c70000 - 0x00007ff822cdb000 	C:\WINDOWS\System32\WS2_32.dll
0x00007ff81ef50000 - 0x00007ff81ef62000 	C:\WINDOWS\SYSTEM32\kernel.appcore.dll
0x00007ff81a4f0000 - 0x00007ff81a500000 	C:\Program Files\Java\jdk-11.0.8\bin\verify.dll
0x00007ff81dc60000 - 0x00007ff81de44000 	C:\WINDOWS\SYSTEM32\DBGHELP.DLL
0x00007ff80b930000 - 0x00007ff80b95c000 	C:\WINDOWS\SYSTEM32\dbgcore.DLL
0x00007ff820f30000 - 0x00007ff820fb3000 	C:\WINDOWS\System32\bcryptPrimitives.dll
0x00007ff8113e0000 - 0x00007ff811408000 	C:\Program Files\Java\jdk-11.0.8\bin\java.dll
0x00007ff819670000 - 0x00007ff81967a000 	C:\Program Files\Java\jdk-11.0.8\bin\jimage.dll
0x00007ff819250000 - 0x00007ff819266000 	C:\Program Files\Java\jdk-11.0.8\bin\zip.dll

dbghelp: loaded successfully - version: 4.0.5 - missing functions: none
symbol engine: initialized successfully - sym options: 0x614 - pdb path: .;C:\Program Files\Java\jdk-11.0.8\bin;C:\WINDOWS\SYSTEM32;C:\WINDOWS\WinSxS\amd64_microsoft.windows.common-controls_6595b64144ccf1df_6.0.19041.1052_none_60b8f8fd71f5e8cb;C:\Program Files\Java\jdk-11.0.8\bin\server

VM Arguments:
jvm_args: -Xmx64m -Xms64m -Dorg.gradle.appname=gradlew 
java_command: org.gradle.wrapper.GradleWrapperMain clean package
java_class_path (initial): C:/Users/Vaibhav Maithani/Desktop/Project_new/CricketScoreBoard/gradle/wrapper/gradle-wrapper.jar
Launcher Type: SUN_STANDARD

[Global flags]
     intx CICompilerCount                          = 4                                         {product} {ergonomic}
     uint ConcGCThreads                            = 2                                         {product} {ergonomic}
     uint G1ConcRefinementThreads                  = 8                                         {product} {ergonomic}
   size_t G1HeapRegionSize                         = 1048576                                   {product} {ergonomic}
    uintx GCDrainStackTargetSize                   = 64                                        {product} {ergonomic}
   size_t InitialHeapSize                          = 67108864                                  {product} {command line}
   size_t MarkStackSize                            = 4194304                                   {product} {ergonomic}
   size_t MaxHeapSize                              = 67108864                                  {product} {command line}
   size_t MinHeapDeltaBytes                        = 1048576                                   {product} {ergonomic}
    uintx NonNMethodCodeHeapSize                   = 5836300                                {pd product} {ergonomic}
    uintx NonProfiledCodeHeapSize                  = 122910970                              {pd product} {ergonomic}
    uintx ProfiledCodeHeapSize                     = 122910970                              {pd product} {ergonomic}
    uintx ReservedCodeCacheSize                    = 251658240                              {pd product} {ergonomic}
     bool SegmentedCodeCache                       = true                                      {product} {ergonomic}
     bool UseCompressedClassPointers               = true                                 {lp64_product} {ergonomic}
     bool UseCompressedOops                        = true                                 {lp64_product} {ergonomic}
     bool UseG1GC                                  = true                                      {product} {ergonomic}
     bool UseLargePagesIndividualAllocation        = false                                  {pd product} {ergonomic}

Logging:
Log output configuration:
 #0: stdout all=warning uptime,level,tags
 #1: stderr all=off uptime,level,tags

Environment Variables:
CLASSPATH=C:\Program Files\Apache Software Foundation\Tomcat 8.0\lib\servlet-api.jar;
PATH=C:\Program Files\Git\mingw64\bin;C:\Program Files\Git\usr\bin;C:\Users\Vaibhav Maithani\bin;C:\oraclexe\app\oracle\product\11.2.0\server\bin;C:\Program Files\Common Files\Oracle\Java\javapath;C:\Program Files (x86)\Common Files\Oracle\Java\javapath;C:\Program Files\Java\jdk-11.0.8\bin;C:\Program Files\Java\jdk1.8.0_191\bin;C:\Program Files\PuTTY;C:\Program Files (x86)\PuTTY;C:\WINDOWS\system32;C:\WINDOWS;C:\WINDOWS\System32\Wbem;C:\WINDOWS\System32\WindowsPowerShell\v1.0;C:\WINDOWS\System32\OpenSSH;C:\TDM-GCC-64\bin;C:\Users\Vaibhav Maithani\AppData\Roaming\Microsoft\Windows\Start Menu\Programs\Python 3.8;C:\Program Files\Git\cmd;C:\Program Files\nodejs;C:\Program Files (x86)\Groovy\bin;C:\MinGW\bin;C:\Program Files\Docker\Docker\resources\bin;C:\ProgramData\DockerDesktop\version-bin;C:\Program Files\apache-maven-3.6.3-bin\apache-maven-3.6.3\bin;C:\ProgramData\chocolatey\bin;C:\Users\Vaibhav Maithani\AppData\Local\Programs\Python\Python38-32\Scripts;C:\Users\Vaibhav Maithani\AppData\Local\Programs\Python\Python38-32;C:\Users\Vaibhav Maithani\AppData\Local\Programs\Microsoft VS Code\bin;C:\Users\Vaibhav Maithani\AppData\Local\Microsoft\WindowsApps;C:\Users\Vaibhav Maithani\AppData\Local\Microsoft\WindowsApps;C:\Users\Vaibhav Maithani\AppData\Roaming\npm
USERNAME=Vaibhav Maithani
OS=Windows_NT
PROCESSOR_IDENTIFIER=Intel64 Family 6 Model 142 Stepping 10, GenuineIntel



---------------  S Y S T E M  ---------------

OS: Windows 10 , 64 bit Build 19041 (10.0.19041.1023)
HyperV virtualization detected

CPU:total 8 (initial active 8) (4 cores per cpu, 2 threads per core) family 6 model 142 stepping 10, cmov, cx8, fxsr, mmx, sse, sse2, sse3, ssse3, sse4.1, sse4.2, popcnt, avx, avx2, aes, clmul, erms, 3dnowpref, lzcnt, ht, tsc, tscinvbit, bmi1, bmi2, adx, fma

Memory: 4k page, system-wide physical 8078M (453M free)
TotalPageFile size 23206M (AvailPageFile size 20M)
current process WorkingSet (physical memory assigned to process): 9M, peak: 9M
current process commit charge ("private bytes"): 59M, peak: 123M

vm_info: Java HotSpot(TM) 64-Bit Server VM (11.0.8+10-LTS) for windows-amd64 JRE (11.0.8+10-LTS), built on Jun 16 2020 05:53:08 by "mach5one" with unknown MS VC++:1916

END.
